c:\users\tsubakker\downloads\calc1 (2)\calc1\calc1\debug\calc1.calc.resources
c:\users\tsubakker\downloads\calc1 (2)\calc1\calc1\debug\calc1.plot.resources
c:\users\rav\onedrive\projetos\c\plp\calc2\calc1\calc1\debug\calc1.calc.resources
c:\users\rav\onedrive\projetos\c\plp\calc2\calc1\calc1\debug\calc1.plot.resources
c:\users\tsubakker\downloads\calc1 (2)\calc1\calc1\debug\vc141.pdb
c:\users\tsubakker\downloads\calc1 (2)\calc1\calc1\debug\plot.obj
c:\users\tsubakker\downloads\calc1 (2)\calc1\calc1\debug\calc.obj
c:\users\tsubakker\downloads\calc1 (2)\calc1\calc1\debug\.netframework,version=v4.5.assemblyattributes.obj
c:\users\tsubakker\downloads\calc1 (2)\calc1\calc1\debug\.netframework,version=v4.5.assemblyattributes.asm
c:\users\tsubakker\downloads\calc1 (2)\calc1\debug\calc1.exe
c:\users\tsubakker\downloads\calc1 (2)\calc1\debug\calc1.pdb
c:\users\rav\onedrive\projetos\c\plp\calc2\calc1\calc1\debug\calc1.vcxproj.generateresource.cache
c:\users\rav\onedrive\projetos\c\plp\calc2\calc1\calc1\debug\calc1.vcxprojresolveassemblyreference.cache
c:\users\rav\onedrive\projetos\c\plp\calc2\calc1\calc1\debug\.netframework,version=v4.5.assemblyattributes.obj
c:\users\rav\onedrive\projetos\c\plp\calc2\calc1\calc1\debug\calc.obj
c:\users\rav\onedrive\projetos\c\plp\calc2\calc1\calc1\debug\plot.obj
c:\users\rav\onedrive\projetos\c\plp\calc2\calc1\calc1\debug\vc141.pdb
c:\users\rav\onedrive\projetos\c\plp\calc2\calc1\debug\calc1.pdb
c:\users\rav\onedrive\projetos\c\plp\calc2\calc1\debug\calc1.exe
c:\users\rav\onedrive\projetos\c\plp\calc2\calc1\calc1\debug\calc1.tlog\calc1.write.1u.tlog
c:\users\rav\onedrive\projetos\c\plp\calc2\calc1\calc1\debug\calc1.tlog\cl.command.1.tlog
c:\users\rav\onedrive\projetos\c\plp\calc2\calc1\calc1\debug\calc1.tlog\cl.read.1.tlog
c:\users\rav\onedrive\projetos\c\plp\calc2\calc1\calc1\debug\calc1.tlog\cl.write.1.tlog
c:\users\rav\onedrive\projetos\c\plp\calc2\calc1\calc1\debug\calc1.tlog\link.command.1.tlog
c:\users\rav\onedrive\projetos\c\plp\calc2\calc1\calc1\debug\calc1.tlog\link.read.1.tlog
c:\users\rav\onedrive\projetos\c\plp\calc2\calc1\calc1\debug\calc1.tlog\link.write.1.tlog
c:\users\rav\onedrive\projetos\c\plp\calc2\calc1\calc1\debug\calc1.tlog\metagen.read.1.tlog
c:\users\rav\onedrive\projetos\c\plp\calc2\calc1\calc1\debug\calc1.tlog\metagen.write.1.tlog
c:\users\rav\onedrive\projetos\c\plp\calc2\calc1\calc1\debug\calc1.tlog\tzres.dll.bi
