c:\users\rav\onedrive\projetos\c\plp\calc2\calc1\calc1\release\calc1.calc.resources
c:\users\rav\onedrive\projetos\c\plp\calc2\calc1\calc1\release\calc1.plot.resources
c:\users\rav\onedrive\projetos\c\plp\calc2\calc1\calc1\release\vc120.pdb
c:\users\rav\onedrive\projetos\c\plp\calc2\calc1\calc1\release\plot.obj
c:\users\rav\onedrive\projetos\c\plp\calc2\calc1\calc1\release\calc.obj
c:\users\rav\onedrive\projetos\c\plp\calc2\calc1\calc1\release\.netframework,version=v4.5.assemblyattributes.obj
c:\users\rav\onedrive\projetos\c\plp\calc2\calc1\release\calc1.exe
c:\users\rav\onedrive\projetos\c\plp\calc2\calc1\release\calc1.pdb
c:\users\rav\onedrive\projetos\c\plp\calc2\calc1\calc1\release\calc1.vcxproj.generateresource.cache
c:\users\rav\onedrive\projetos\c\plp\calc2\calc1\calc1\release\calc1.vcxprojresolveassemblyreference.cache
c:\users\rav\onedrive\projetos\c\plp\calc2\calc1\calc1\release\calc1.tlog\calc1.write.1u.tlog
c:\users\rav\onedrive\projetos\c\plp\calc2\calc1\calc1\release\calc1.tlog\cl.command.1.tlog
c:\users\rav\onedrive\projetos\c\plp\calc2\calc1\calc1\release\calc1.tlog\cl.read.1.tlog
c:\users\rav\onedrive\projetos\c\plp\calc2\calc1\calc1\release\calc1.tlog\cl.write.1.tlog
c:\users\rav\onedrive\projetos\c\plp\calc2\calc1\calc1\release\calc1.tlog\link.command.1.tlog
c:\users\rav\onedrive\projetos\c\plp\calc2\calc1\calc1\release\calc1.tlog\link.read.1.tlog
c:\users\rav\onedrive\projetos\c\plp\calc2\calc1\calc1\release\calc1.tlog\link.write.1.tlog
c:\users\rav\onedrive\projetos\c\plp\calc2\calc1\calc1\release\calc1.tlog\metagen.read.1.tlog
c:\users\rav\onedrive\projetos\c\plp\calc2\calc1\calc1\release\calc1.tlog\metagen.write.1.tlog
c:\users\rav\onedrive\projetos\c\plp\calc2\calc1\calc1\release\calc1.tlog\tzres.dll.bi
