Build started 17/11/2017 08:57:24.
     1>Project "C:\Users\RAV\OneDrive\Projetos\C\PLP\CALC2\CALC1\CALC1\CALC1.vcxproj" on node 2 (Rebuild target(s)).
     1>ClCompile:
         C:\Program Files (x86)\Microsoft Visual Studio 12.0\VC\bin\x86_amd64\CL.exe /c /AI"C:\Program Files (x86)\Reference Assemblies\Microsoft\Framework\.NETFramework\v4.5\\" /AI"C:\Program Files (x86)\Windows Kits\8.1\References\CommonConfiguration\Neutral" /AI"C:\Program Files (x86)\Reference Assemblies\Microsoft\Framework\.NETFramework\v4.5\Facades\\" /Zi /clr /nologo /W3 /WX- /O2 /D WIN32 /D NDEBUG /D _UNICODE /D UNICODE /EHa /MD /GS /fp:precise /Zc:wchar_t /Zc:forScope /Fo"x64\Release\\" /Fd"x64\Release\vc120.pdb" /TP /FU"C:\Program Files (x86)\Reference Assemblies\Microsoft\Framework\.NETFramework\v4.5\mscorlib.dll" /FU"C:\Program Files (x86)\Reference Assemblies\Microsoft\Framework\.NETFramework\v4.5\System.Data.dll" /FU"C:\Program Files (x86)\Reference Assemblies\Microsoft\Framework\.NETFramework\v4.5\System.dll" /FU"C:\Program Files (x86)\Reference Assemblies\Microsoft\Framework\.NETFramework\v4.5\System.Drawing.dll" /FU"C:\Program Files (x86)\Reference Assemblies\Microsoft\Framework\.NETFramework\v4.5\System.Windows.Forms.DataVisualization.dll" /FU"C:\Program Files (x86)\Reference Assemblies\Microsoft\Framework\.NETFramework\v4.5\System.Windows.Forms.dll" /FU"C:\Program Files (x86)\Reference Assemblies\Microsoft\Framework\.NETFramework\v4.5\System.Xml.dll" /errorReport:prompt /clr:nostdlib Calc.cpp Plot.cpp
         Calc.cpp
     1>c:\users\rav\onedrive\projetos\c\plp\calc2\calc1\calc1\Plot.h(236): warning C4101: 'e' : unreferenced local variable
     1>c:\users\rav\onedrive\projetos\c\plp\calc2\calc1\calc1\Plot.h(251): warning C4101: 'e' : unreferenced local variable
     1>c:\users\rav\onedrive\projetos\c\plp\calc2\calc1\calc1\Plot.h(265): warning C4101: 'e' : unreferenced local variable
     1>c:\users\rav\onedrive\projetos\c\plp\calc2\calc1\calc1\Plot.h(280): warning C4101: 'e' : unreferenced local variable
     1>c:\users\rav\onedrive\projetos\c\plp\calc2\calc1\calc1\Plot.h(295): warning C4101: 'e' : unreferenced local variable
     1>c:\users\rav\onedrive\projetos\c\plp\calc2\calc1\calc1\Plot.h(309): warning C4101: 'e' : unreferenced local variable
     1>c:\users\rav\onedrive\projetos\c\plp\calc2\calc1\calc1\Plot.h(323): warning C4101: 'e' : unreferenced local variable
     1>c:\users\rav\onedrive\projetos\c\plp\calc2\calc1\calc1\Plot.h(338): warning C4101: 'e' : unreferenced local variable
     1>c:\users\rav\onedrive\projetos\c\plp\calc2\calc1\calc1\Plot.h(351): warning C4101: 'e' : unreferenced local variable
     1>c:\users\rav\onedrive\projetos\c\plp\calc2\calc1\calc1\Plot.h(362): warning C4101: 'e' : unreferenced local variable
     1>c:\users\rav\onedrive\projetos\c\plp\calc2\calc1\calc1\Calc.h(1273): warning C4101: 'e' : unreferenced local variable
     1>c:\users\rav\onedrive\projetos\c\plp\calc2\calc1\calc1\Calc.h(1347): warning C4244: 'argument' : conversion from 'double' to '__int64', possible loss of data
     1>c:\users\rav\onedrive\projetos\c\plp\calc2\calc1\calc1\Calc.h(1364): warning C4101: 'e' : unreferenced local variable
     1>c:\users\rav\onedrive\projetos\c\plp\calc2\calc1\calc1\Calc.h(1424): warning C4101: 'e' : unreferenced local variable
     1>c:\users\rav\onedrive\projetos\c\plp\calc2\calc1\calc1\Calc.h(1479): warning C4101: 'e' : unreferenced local variable
     1>c:\users\rav\onedrive\projetos\c\plp\calc2\calc1\calc1\Calc.h(1571): warning C4101: 'e' : unreferenced local variable
     1>Calc.cpp(9): warning C4829: Possibly incorrect parameters to function main. Consider 'int main(Platform::Array<Platform::String^>^ argv)'
         Plot.cpp
     1>c:\users\rav\onedrive\projetos\c\plp\calc2\calc1\calc1\Plot.h(236): warning C4101: 'e' : unreferenced local variable
     1>c:\users\rav\onedrive\projetos\c\plp\calc2\calc1\calc1\Plot.h(251): warning C4101: 'e' : unreferenced local variable
     1>c:\users\rav\onedrive\projetos\c\plp\calc2\calc1\calc1\Plot.h(265): warning C4101: 'e' : unreferenced local variable
     1>c:\users\rav\onedrive\projetos\c\plp\calc2\calc1\calc1\Plot.h(280): warning C4101: 'e' : unreferenced local variable
     1>c:\users\rav\onedrive\projetos\c\plp\calc2\calc1\calc1\Plot.h(295): warning C4101: 'e' : unreferenced local variable
     1>c:\users\rav\onedrive\projetos\c\plp\calc2\calc1\calc1\Plot.h(309): warning C4101: 'e' : unreferenced local variable
     1>c:\users\rav\onedrive\projetos\c\plp\calc2\calc1\calc1\Plot.h(323): warning C4101: 'e' : unreferenced local variable
     1>c:\users\rav\onedrive\projetos\c\plp\calc2\calc1\calc1\Plot.h(338): warning C4101: 'e' : unreferenced local variable
     1>c:\users\rav\onedrive\projetos\c\plp\calc2\calc1\calc1\Plot.h(351): warning C4101: 'e' : unreferenced local variable
     1>c:\users\rav\onedrive\projetos\c\plp\calc2\calc1\calc1\Plot.h(362): warning C4101: 'e' : unreferenced local variable
         Generating Code...
     1>c:\users\rav\onedrive\projetos\c\plp\calc2\calc1\calc1\calc.h(1059): warning C4715: 'CALC1::Calc::atan2' : not all control paths return a value
         C:\Program Files (x86)\Microsoft Visual Studio 12.0\VC\bin\x86_amd64\CL.exe /c /Zi /clr /nologo /W3 /WX- /O2 /D WIN32 /D NDEBUG /D _UNICODE /D UNICODE /EHa /MD /GS /fp:precise /Zc:wchar_t /Zc:forScope /Fo"x64\Release\\" /Fd"x64\Release\vc120.pdb" /TP /errorReport:prompt "C:\Users\RAV\AppData\Local\Temp\.NETFramework,Version=v4.5.AssemblyAttributes.cpp"
         .NETFramework,Version=v4.5.AssemblyAttributes.cpp
       Link:
         C:\Program Files (x86)\Microsoft Visual Studio 12.0\VC\bin\x86_amd64\link.exe /ERRORREPORT:PROMPT /OUT:"C:\Users\RAV\OneDrive\Projetos\C\PLP\CALC2\CALC1\x64\Release\CALC1.exe" /INCREMENTAL:NO /NOLOGO /ASSEMBLYRESOURCE:x64\Release\CALC1.Calc.resources /ASSEMBLYRESOURCE:x64\Release\CALC1.Plot.resources /MANIFEST /MANIFESTUAC:"level='asInvoker' uiAccess='false'" /manifest:embed /DEBUG /PDB:"C:\Users\RAV\OneDrive\Projetos\C\PLP\CALC2\CALC1\x64\Release\CALC1.pdb" /TLBID:1 /ENTRY:"main" /DYNAMICBASE /FIXED:NO /NXCOMPAT /MACHINE:X64 x64\Release\Calc.obj
         x64\Release\Plot.obj
         "x64\Release\.NETFramework,Version=v4.5.AssemblyAttributes.obj"
         CALC1.vcxproj -> C:\Users\RAV\OneDrive\Projetos\C\PLP\CALC2\CALC1\x64\Release\CALC1.exe
     1>Done Building Project "C:\Users\RAV\OneDrive\Projetos\C\PLP\CALC2\CALC1\CALC1\CALC1.vcxproj" (Rebuild target(s)).

Build succeeded.

Time Elapsed 00:00:02.92
